2020-02-18 12:16:13,331:DEBUG:hi
2020-02-18 12:16:16,696:DEBUG:my name is 
2020-02-18 12:16:29,826:DEBUG:asdf
2020-02-18 12:16:30,336:DEBUG:asd
2020-02-18 12:16:30,525:DEBUG:f
2020-02-18 12:16:30,699:DEBUG:sdf
2020-02-18 12:16:30,870:DEBUG:asd
2020-02-18 12:16:31,686:DEBUG:skjdfghajsdhf
2020-02-18 12:16:31,952:DEBUG:sdg
2020-02-18 12:16:32,346:DEBUG:asdf'QW
2020-02-18 12:16:32,553:DEBUG:AD
2020-02-18 12:16:32,714:DEBUG:FG
2020-02-18 12:16:32,883:DEBUG:D
2020-02-18 12:16:33,076:DEBUG:FA
2020-02-18 12:16:33,262:DEBUG:SF
2020-02-18 12:16:33,430:DEBUG:AFG
2020-02-18 12:16:47,008:DEBUG:LEABSTRIAT@GMAIL.COM[D[D[D[D[D
2020-02-18 12:16:51,926:DEBUG:ASDASDFASDFA
2020-02-18 12:16:53,747:DEBUG:S
2020-02-18 12:16:54,072:DEBUG:DFAS
2020-02-18 12:16:54,308:DEBUG:DF
2020-02-18 12:16:54,593:DEBUG:
2020-02-18 12:16:55,650:DEBUG:SDFSD
2020-02-18 12:16:55,844:DEBUG:
2020-02-18 12:16:55,995:DEBUG:
2020-02-18 12:16:56,144:DEBUG:
2020-02-18 12:19:04,453:DEBUG:SD
2020-02-18 12:19:04,955:DEBUG:ASDF
2020-02-18 12:19:05,364:DEBUG:ASD
2020-02-18 12:19:05,599:DEBUG:F
2020-02-18 12:19:05,650:DEBUG:S
2020-02-18 12:19:06,392:DEBUG:DDFKJAHSD
2020-02-18 12:19:07,229:DEBUG:ASDKHASKDJF
